<?xml version="1.0" encoding="UTF-8"?>
<!-- Generated by org.testng.reporters.JUnitReportReporter -->
<testsuite hostname="AVJ" failures="0" tests="4" name="tests.LoginTest" time="44.462" errors="0" timestamp="2026-02-18T18:07:18 IST" skipped="0">
  <testcase classname="tests.LoginTest" name="verifyUsernameField" time="10.266"/>
  <testcase classname="tests.LoginTest" name="verifyPasswordField" time="10.567"/>
  <testcase classname="tests.LoginTest" name="verifySubmitButton" time="10.201"/>
  <testcase classname="tests.LoginTest" name="verifyDashboardPage" time="13.428"/>
</testsuite> <!-- tests.LoginTest -->
